<?xml version="1.0" encoding="UTF-8" ?>
<testsuite tests="1" failures="1" name="Tests" time="1.051" errors="0" skipped="0">
  <properties>
[...]
</properties>
  <testcase classname="Tests" name="Test01" time="1.051">
    <failure message="expected [¡Vamos a divertirnos un poco!] but found [null]" type="java.lang.AssertionError">java.lang.AssertionError: expected [¡Vamos a divertirnos un poco!] but found [null]
	at org.testng.Assert.fail(Assert.java:99)
	at org.testng.Assert.failNotEquals(Assert.java:1037)
	at org.testng.Assert.assertEqualsImpl(Assert.java:140)
	at org.testng.Assert.assertEquals(Assert.java:122)
	at org.testng.Assert.assertEquals(Assert.java:629)
	at org.testng.Assert.assertEquals(Assert.java:639)
	at Tests.Test01(Tests.java:12)
</failure>
    <system-out>Configuring TestNG with: org.apache.maven.surefire.testng.conf.TestNG652Configurator@f5958c9
¡Vamos a divertirnos un poco!
</system-out>
  </testcase>
</testsuite>